<?xml version="1.0" encoding="UTF-8"?>
<testsuite xmlns:xsi="http://www.w3.org/2001/XMLSchema-instance" xsi:noNamespaceSchemaLocation="https://maven.apache.org/surefire/maven-surefire-plugin/xsd/surefire-test-report-3.0.xsd" version="3.0" name="com.example.ProjectService.ProjectControllerTests" time="13.262" tests="6" errors="0" skipped="0" failures="1">
  <properties>
[...]
</properties>
  <testcase name="shouldGetNoProjectsFromAccounts" classname="com.example.ProjectService.ProjectControllerTests" time="1.123">
    <system-out><![CDATA[
  .   ____          _            __ _ _
 /\\ / ___'_ __ _ _(_)_ __  __ _ \ \ \ \
( ( )\___ | '_ | '_| | '_ \/ _` | \ \ \ \
 \\/  ___)| |_)| | | | | || (_| |  ) ) ) )
  '  |____| .__|_| |_|_| |_\__, | / / / /
 =========|_|==============|___/=/_/_/_/
 :: Spring Boot ::                (v3.1.5)

2023-11-23T19:30:53.266+01:00  INFO 22316 --- [           main] c.e.P.ProjectControllerTests             : Starting ProjectControllerTests using Java 17.0.8.1 with PID 22316 (started by mitch in D:\projecten\semester6individueel\ProjectService)
2023-11-23T19:30:53.270+01:00  INFO 22316 --- [           main] c.e.P.ProjectControllerTests             : The following 1 profile is active: "test"
2023-11-23T19:30:54.013+01:00  INFO 22316 --- [           main] .s.d.r.c.RepositoryConfigurationDelegate : Multiple Spring Data modules found, entering strict repository configuration mode
2023-11-23T19:30:54.014+01:00  INFO 22316 --- [           main] .s.d.r.c.RepositoryConfigurationDelegate : Bootstrapping Spring Data JPA repositories in DEFAULT mode.
2023-11-23T19:30:54.138+01:00  INFO 22316 --- [           main] .s.d.r.c.RepositoryConfigurationDelegate : Finished Spring Data repository scanning in 116 ms. Found 2 JPA repository interfaces.
2023-11-23T19:30:54.153+01:00  INFO 22316 --- [           main] .s.d.r.c.RepositoryConfigurationDelegate : Multiple Spring Data modules found, entering strict repository configuration mode
2023-11-23T19:30:54.154+01:00  INFO 22316 --- [           main] .s.d.r.c.RepositoryConfigurationDelegate : Bootstrapping Spring Data Redis repositories in DEFAULT mode.
2023-11-23T19:30:54.168+01:00  INFO 22316 --- [           main] .RepositoryConfigurationExtensionSupport : Spring Data Redis - Could not safely identify store assignment for repository candidate interface com.example.ProjectService.repositories.IAccountRepository; If you want this repository to be a Redis repository, consider annotating your entities with one of these annotations: org.springframework.data.redis.core.RedisHash (preferred), or consider extending one of the following types with your repository: org.springframework.data.keyvalue.repository.KeyValueRepository
2023-11-23T19:30:54.168+01:00  INFO 22316 --- [           main] .RepositoryConfigurationExtensionSupport : Spring Data Redis - Could not safely identify store assignment for repository candidate interface com.example.ProjectService.repositories.IProjectRepository; If you want this repository to be a Redis repository, consider annotating your entities with one of these annotations: org.springframework.data.redis.core.RedisHash (preferred), or consider extending one of the following types with your repository: org.springframework.data.keyvalue.repository.KeyValueRepository
2023-11-23T19:30:54.168+01:00  INFO 22316 --- [           main] .s.d.r.c.RepositoryConfigurationDelegate : Finished Spring Data repository scanning in 7 ms. Found 0 Redis repository interfaces.
2023-11-23T19:30:56.443+01:00  INFO 22316 --- [           main] o.s.b.w.embedded.tomcat.TomcatWebServer  : Tomcat initialized with port(s): 0 (http)
2023-11-23T19:30:56.456+01:00  INFO 22316 --- [           main] o.apache.catalina.core.StandardService   : Starting service [Tomcat]
2023-11-23T19:30:56.457+01:00  INFO 22316 --- [           main] o.apache.catalina.core.StandardEngine    : Starting Servlet engine: [Apache Tomcat/10.1.15]
2023-11-23T19:30:56.643+01:00  INFO 22316 --- [           main] o.a.c.c.C.[Tomcat].[localhost].[/]       : Initializing Spring embedded WebApplicationContext
2023-11-23T19:30:56.646+01:00  INFO 22316 --- [           main] w.s.c.ServletWebServerApplicationContext : Root WebApplicationContext: initialization completed in 3359 ms
2023-11-23T19:30:57.029+01:00  INFO 22316 --- [           main] o.hibernate.jpa.internal.util.LogHelper  : HHH000204: Processing PersistenceUnitInfo [name: default]
2023-11-23T19:30:57.168+01:00  INFO 22316 --- [           main] org.hibernate.Version                    : HHH000412: Hibernate ORM core version 6.2.13.Final
2023-11-23T19:30:57.172+01:00  INFO 22316 --- [           main] org.hibernate.cfg.Environment            : HHH000406: Using bytecode reflection optimizer
2023-11-23T19:30:57.384+01:00  INFO 22316 --- [           main] o.s.o.j.p.SpringPersistenceUnitInfo      : No LoadTimeWeaver setup: ignoring JPA class transformer
2023-11-23T19:30:57.406+01:00  INFO 22316 --- [           main] com.zaxxer.hikari.HikariDataSource       : HikariPool-1 - Starting...
2023-11-23T19:30:57.599+01:00  INFO 22316 --- [           main] com.zaxxer.hikari.pool.HikariPool        : HikariPool-1 - Added connection conn0: url=jdbc:h2:mem:db user=SA
2023-11-23T19:30:57.601+01:00  INFO 22316 --- [           main] com.zaxxer.hikari.HikariDataSource       : HikariPool-1 - Start completed.
2023-11-23T19:30:57.635+01:00  WARN 22316 --- [           main] org.hibernate.orm.deprecation            : HHH90000025: H2Dialect does not need to be specified explicitly using 'hibernate.dialect' (remove the property setting and it will be selected by default)
2023-11-23T19:30:57.998+01:00  WARN 22316 --- [           main] org.hibernate.mapping.RootClass          : HHH000038: Composite-id class does not override equals(): com.example.ProjectService.JoinTable.ProjectMembership
2023-11-23T19:30:57.999+01:00  WARN 22316 --- [           main] org.hibernate.mapping.RootClass          : HHH000039: Composite-id class does not override hashCode(): com.example.ProjectService.JoinTable.ProjectMembership
2023-11-23T19:30:58.402+01:00  INFO 22316 --- [           main] o.h.e.t.j.p.i.JtaPlatformInitiator       : HHH000489: No JTA platform available (set 'hibernate.transaction.jta.platform' to enable JTA platform integration)
2023-11-23T19:30:58.413+01:00 DEBUG 22316 --- [           main] org.hibernate.SQL                        : drop table if exists project cascade 
2023-11-23T19:30:58.417+01:00 DEBUG 22316 --- [           main] org.hibernate.SQL                        : drop table if exists projectmember cascade 
2023-11-23T19:30:58.417+01:00 DEBUG 22316 --- [           main] org.hibernate.SQL                        : drop table if exists projectmembership cascade 
2023-11-23T19:30:58.417+01:00 DEBUG 22316 --- [           main] org.hibernate.SQL                        : drop table if exists projectrole cascade 
2023-11-23T19:30:58.421+01:00 DEBUG 22316 --- [           main] org.hibernate.SQL                        : create table project (createdat timestamp(6), id bigint generated by default as identity, lastupdatedat timestamp(6), owner_id bigint, projectdescription varchar(255), projectname varchar(255), primary key (id))
2023-11-23T19:30:58.428+01:00 DEBUG 22316 --- [           main] org.hibernate.SQL                        : create table projectmember (id bigint not null, email varchar(255) unique, primary key (id))
2023-11-23T19:30:58.429+01:00 DEBUG 22316 --- [           main] org.hibernate.SQL                        : create table projectmembership (joinedproject_id bigint not null, member_id bigint not null, role_id bigint not null, primary key (joinedproject_id, member_id, role_id))
2023-11-23T19:30:58.430+01:00 DEBUG 22316 --- [           main] org.hibernate.SQL                        : create table projectrole (id bigint generated by default as identity, name varchar(255) unique, primary key (id))
2023-11-23T19:30:58.432+01:00 DEBUG 22316 --- [           main] org.hibernate.SQL                        : alter table if exists project add constraint FKgela6raf25bsa6thxog5x8lkv foreign key (owner_id) references projectmember
2023-11-23T19:30:58.441+01:00 DEBUG 22316 --- [           main] org.hibernate.SQL                        : alter table if exists projectmembership add constraint FKr5hoxnh9k5nutty4hon93c6fe foreign key (joinedproject_id) references project
2023-11-23T19:30:58.442+01:00 DEBUG 22316 --- [           main] org.hibernate.SQL                        : alter table if exists projectmembership add constraint FKt45jjcbtrrsgom05jwu0fje4b foreign key (member_id) references projectmember
2023-11-23T19:30:58.444+01:00 DEBUG 22316 --- [           main] org.hibernate.SQL                        : alter table if exists projectmembership add constraint FKfnovlarbluovef58uneoi1li1 foreign key (role_id) references projectrole
2023-11-23T19:30:58.448+01:00  INFO 22316 --- [           main] j.LocalContainerEntityManagerFactoryBean : Initialized JPA EntityManagerFactory for persistence unit 'default'
2023-11-23T19:30:59.046+01:00  INFO 22316 --- [           main] o.s.d.j.r.query.QueryEnhancerFactory     : Hibernate is in classpath; If applicable, HQL parser will be used.
2023-11-23T19:30:59.495+01:00  WARN 22316 --- [           main] JpaBaseConfiguration$JpaWebConfiguration : spring.jpa.open-in-view is enabled by default. Therefore, database queries may be performed during view rendering. Explicitly configure spring.jpa.open-in-view to disable this warning
2023-11-23T19:31:00.650+01:00  INFO 22316 --- [           main] o.a.c.c.C.[Tomcat].[localhost].[/]       : Initializing Spring TestDispatcherServlet ''
2023-11-23T19:31:00.651+01:00  INFO 22316 --- [           main] o.s.t.web.servlet.TestDispatcherServlet  : Initializing Servlet ''
2023-11-23T19:31:00.652+01:00  INFO 22316 --- [           main] o.s.t.web.servlet.TestDispatcherServlet  : Completed initialization in 1 ms
2023-11-23T19:31:00.765+01:00  INFO 22316 --- [           main] o.s.b.w.embedded.tomcat.TomcatWebServer  : Tomcat started on port(s): 55466 (http) with context path ''
2023-11-23T19:31:00.781+01:00  INFO 22316 --- [           main] c.e.P.ProjectControllerTests             : Started ProjectControllerTests in 7.817 seconds (process running for 8.836)
2023-11-23T19:31:00.832+01:00  INFO 22316 --- [           main] o.apache.catalina.core.StandardService   : Stopping service [Tomcat]
2023-11-23T19:31:00.852+01:00  INFO 22316 --- [           main] j.LocalContainerEntityManagerFactoryBean : Closing JPA EntityManagerFactory for persistence unit 'default'
2023-11-23T19:31:00.852+01:00 DEBUG 22316 --- [           main] org.hibernate.SQL                        : drop table if exists project cascade 
2023-11-23T19:31:00.854+01:00 DEBUG 22316 --- [           main] org.hibernate.SQL                        : drop table if exists projectmember cascade 
2023-11-23T19:31:00.856+01:00 DEBUG 22316 --- [           main] org.hibernate.SQL                        : drop table if exists projectmembership cascade 
2023-11-23T19:31:00.856+01:00 DEBUG 22316 --- [           main] org.hibernate.SQL                        : drop table if exists projectrole cascade 
2023-11-23T19:31:00.860+01:00  INFO 22316 --- [           main] com.zaxxer.hikari.HikariDataSource       : HikariPool-1 - Shutdown initiated...
2023-11-23T19:31:00.862+01:00  INFO 22316 --- [           main] com.zaxxer.hikari.HikariDataSource       : HikariPool-1 - Shutdown completed.

  .   ____          _            __ _ _
 /\\ / ___'_ __ _ _(_)_ __  __ _ \ \ \ \
( ( )\___ | '_ | '_| | '_ \/ _` | \ \ \ \
 \\/  ___)| |_)| | | | | || (_| |  ) ) ) )
  '  |____| .__|_| |_|_| |_\__, | / / / /
 =========|_|==============|___/=/_/_/_/
 :: Spring Boot ::                (v3.1.5)

2023-11-23T19:31:00.897+01:00  INFO 22316 --- [           main] c.e.P.ProjectControllerTests             : Starting ProjectControllerTests using Java 17.0.8.1 with PID 22316 (started by mitch in D:\projecten\semester6individueel\ProjectService)
2023-11-23T19:31:00.898+01:00  INFO 22316 --- [           main] c.e.P.ProjectControllerTests             : The following 1 profile is active: "test"
2023-11-23T19:31:01.108+01:00  INFO 22316 --- [           main] .s.d.r.c.RepositoryConfigurationDelegate : Multiple Spring Data modules found, entering strict repository configuration mode
2023-11-23T19:31:01.109+01:00  INFO 22316 --- [           main] .s.d.r.c.RepositoryConfigurationDelegate : Bootstrapping Spring Data JPA repositories in DEFAULT mode.
2023-11-23T19:31:01.125+01:00  INFO 22316 --- [           main] .s.d.r.c.RepositoryConfigurationDelegate : Finished Spring Data repository scanning in 16 ms. Found 2 JPA repository interfaces.
2023-11-23T19:31:01.130+01:00  INFO 22316 --- [           main] .s.d.r.c.RepositoryConfigurationDelegate : Multiple Spring Data modules found, entering strict repository configuration mode
2023-11-23T19:31:01.130+01:00  INFO 22316 --- [           main] .s.d.r.c.RepositoryConfigurationDelegate : Bootstrapping Spring Data Redis repositories in DEFAULT mode.
2023-11-23T19:31:01.136+01:00  INFO 22316 --- [           main] .RepositoryConfigurationExtensionSupport : Spring Data Redis - Could not safely identify store assignment for repository candidate interface com.example.ProjectService.repositories.IAccountRepository; If you want this repository to be a Redis repository, consider annotating your entities with one of these annotations: org.springframework.data.redis.core.RedisHash (preferred), or consider extending one of the following types with your repository: org.springframework.data.keyvalue.repository.KeyValueRepository
2023-11-23T19:31:01.136+01:00  INFO 22316 --- [           main] .RepositoryConfigurationExtensionSupport : Spring Data Redis - Could not safely identify store assignment for repository candidate interface com.example.ProjectService.repositories.IProjectRepository; If you want this repository to be a Redis repository, consider annotating your entities with one of these annotations: org.springframework.data.redis.core.RedisHash (preferred), or consider extending one of the following types with your repository: org.springframework.data.keyvalue.repository.KeyValueRepository
2023-11-23T19:31:01.137+01:00  INFO 22316 --- [           main] .s.d.r.c.RepositoryConfigurationDelegate : Finished Spring Data repository scanning in 6 ms. Found 0 Redis repository interfaces.
2023-11-23T19:31:01.252+01:00  INFO 22316 --- [           main] o.s.b.w.embedded.tomcat.TomcatWebServer  : Tomcat initialized with port(s): 0 (http)
2023-11-23T19:31:01.253+01:00  INFO 22316 --- [           main] o.apache.catalina.core.StandardService   : Starting service [Tomcat]
2023-11-23T19:31:01.254+01:00  INFO 22316 --- [           main] o.apache.catalina.core.StandardEngine    : Starting Servlet engine: [Apache Tomcat/10.1.15]
2023-11-23T19:31:01.308+01:00  INFO 22316 --- [           main] o.a.c.c.C.[Tomcat].[localhost].[/]       : Initializing Spring embedded WebApplicationContext
2023-11-23T19:31:01.308+01:00  INFO 22316 --- [           main] w.s.c.ServletWebServerApplicationContext : Root WebApplicationContext: initialization completed in 407 ms
2023-11-23T19:31:01.358+01:00  INFO 22316 --- [           main] o.hibernate.jpa.internal.util.LogHelper  : HHH000204: Processing PersistenceUnitInfo [name: default]
2023-11-23T19:31:01.366+01:00  INFO 22316 --- [           main] o.s.o.j.p.SpringPersistenceUnitInfo      : No LoadTimeWeaver setup: ignoring JPA class transformer
2023-11-23T19:31:01.367+01:00  INFO 22316 --- [           main] com.zaxxer.hikari.HikariDataSource       : HikariPool-2 - Starting...
2023-11-23T19:31:01.368+01:00  INFO 22316 --- [           main] com.zaxxer.hikari.pool.HikariPool        : HikariPool-2 - Added connection conn10: url=jdbc:h2:mem:db user=SA
2023-11-23T19:31:01.368+01:00  INFO 22316 --- [           main] com.zaxxer.hikari.HikariDataSource       : HikariPool-2 - Start completed.
2023-11-23T19:31:01.369+01:00  WARN 22316 --- [           main] org.hibernate.orm.deprecation            : HHH90000025: H2Dialect does not need to be specified explicitly using 'hibernate.dialect' (remove the property setting and it will be selected by default)
2023-11-23T19:31:01.387+01:00  WARN 22316 --- [           main] org.hibernate.mapping.RootClass          : HHH000038: Composite-id class does not override equals(): com.example.ProjectService.JoinTable.ProjectMembership
2023-11-23T19:31:01.387+01:00  WARN 22316 --- [           main] org.hibernate.mapping.RootClass          : HHH000039: Composite-id class does not override hashCode(): com.example.ProjectService.JoinTable.ProjectMembership
2023-11-23T19:31:01.447+01:00  INFO 22316 --- [           main] o.h.e.t.j.p.i.JtaPlatformInitiator       : HHH000489: No JTA platform available (set 'hibernate.transaction.jta.platform' to enable JTA platform integration)
2023-11-23T19:31:01.448+01:00 DEBUG 22316 --- [           main] org.hibernate.SQL                        : drop table if exists project cascade 
2023-11-23T19:31:01.449+01:00 DEBUG 22316 --- [           main] org.hibernate.SQL                        : drop table if exists projectmember cascade 
2023-11-23T19:31:01.449+01:00 DEBUG 22316 --- [           main] org.hibernate.SQL                        : drop table if exists projectmembership cascade 
2023-11-23T19:31:01.449+01:00 DEBUG 22316 --- [           main] org.hibernate.SQL                        : drop table if exists projectrole cascade 
2023-11-23T19:31:01.450+01:00 DEBUG 22316 --- [           main] org.hibernate.SQL                        : create table project (createdat timestamp(6), id bigint generated by default as identity, lastupdatedat timestamp(6), owner_id bigint, projectdescription varchar(255), projectname varchar(255), primary key (id))
2023-11-23T19:31:01.451+01:00 DEBUG 22316 --- [           main] org.hibernate.SQL                        : create table projectmember (id bigint not null, email varchar(255) unique, primary key (id))
2023-11-23T19:31:01.452+01:00 DEBUG 22316 --- [           main] org.hibernate.SQL                        : create table projectmembership (joinedproject_id bigint not null, member_id bigint not null, role_id bigint not null, primary key (joinedproject_id, member_id, role_id))
2023-11-23T19:31:01.454+01:00 DEBUG 22316 --- [           main] org.hibernate.SQL                        : create table projectrole (id bigint generated by default as identity, name varchar(255) unique, primary key (id))
2023-11-23T19:31:01.455+01:00 DEBUG 22316 --- [           main] org.hibernate.SQL                        : alter table if exists project add constraint FKgela6raf25bsa6thxog5x8lkv foreign key (owner_id) references projectmember
2023-11-23T19:31:01.456+01:00 DEBUG 22316 --- [           main] org.hibernate.SQL                        : alter table if exists projectmembership add constraint FKr5hoxnh9k5nutty4hon93c6fe foreign key (joinedproject_id) references project
2023-11-23T19:31:01.457+01:00 DEBUG 22316 --- [           main] org.hibernate.SQL                        : alter table if exists projectmembership add constraint FKt45jjcbtrrsgom05jwu0fje4b foreign key (member_id) references projectmember
2023-11-23T19:31:01.458+01:00 DEBUG 22316 --- [           main] org.hibernate.SQL                        : alter table if exists projectmembership add constraint FKfnovlarbluovef58uneoi1li1 foreign key (role_id) references projectrole
2023-11-23T19:31:01.459+01:00  INFO 22316 --- [           main] j.LocalContainerEntityManagerFactoryBean : Initialized JPA EntityManagerFactory for persistence unit 'default'
2023-11-23T19:31:01.541+01:00  WARN 22316 --- [           main] JpaBaseConfiguration$JpaWebConfiguration : spring.jpa.open-in-view is enabled by default. Therefore, database queries may be performed during view rendering. Explicitly configure spring.jpa.open-in-view to disable this warning
2023-11-23T19:31:01.710+01:00  INFO 22316 --- [           main] o.a.c.c.C.[Tomcat].[localhost].[/]       : Initializing Spring TestDispatcherServlet ''
2023-11-23T19:31:01.710+01:00  INFO 22316 --- [           main] o.s.t.web.servlet.TestDispatcherServlet  : Initializing Servlet ''
2023-11-23T19:31:01.711+01:00  INFO 22316 --- [           main] o.s.t.web.servlet.TestDispatcherServlet  : Completed initialization in 1 ms
2023-11-23T19:31:01.725+01:00  INFO 22316 --- [           main] o.s.b.w.embedded.tomcat.TomcatWebServer  : Tomcat started on port(s): 55469 (http) with context path ''
2023-11-23T19:31:01.728+01:00  INFO 22316 --- [           main] c.e.P.ProjectControllerTests             : Started ProjectControllerTests in 0.861 seconds (process running for 9.783)
2023-11-23T19:31:01.905+01:00  WARN 22316 --- [           main] .w.s.m.s.DefaultHandlerExceptionResolver : Resolved [org.springframework.http.converter.HttpMessageNotReadableException: Required request body is missing: public org.springframework.http.ResponseEntity<java.util.List<com.example.ProjectService.Project.dtos.ProjectDto>> com.example.ProjectService.Project.ProjectController.GetAllProjectsFromOwner(com.example.ProjectService.Project.dtos.ProjectMemberDto)]
]]></system-out>
  </testcase>
  <testcase name="shouldNotCreateProject" classname="com.example.ProjectService.ProjectControllerTests" time="1.186">
    <failure message="Status expected:&lt;409&gt; but was:&lt;201&gt;" type="java.lang.AssertionError"><![CDATA[java.lang.AssertionError: Status expected:<409> but was:<201>
	at org.springframework.test.util.AssertionErrors.fail(AssertionErrors.java:59)
	at org.springframework.test.util.AssertionErrors.assertEquals(AssertionErrors.java:122)
	at org.springframework.test.web.servlet.result.StatusResultMatchers.lambda$matcher$9(StatusResultMatchers.java:637)
	at org.springframework.test.web.servlet.MockMvc$1.andExpect(MockMvc.java:214)
	at com.example.ProjectService.ProjectControllerTests.shouldNotCreateProject(ProjectControllerTests.java:149)
	at java.base/jdk.internal.reflect.NativeMethodAccessorImpl.invoke0(Native Method)
	at java.base/jdk.internal.reflect.NativeMethodAccessorImpl.invoke(NativeMethodAccessorImpl.java:77)
	at java.base/jdk.internal.reflect.DelegatingMethodAccessorImpl.invoke(DelegatingMethodAccessorImpl.java:43)
	at java.base/java.lang.reflect.Method.invoke(Method.java:568)
	at org.junit.platform.commons.util.ReflectionUtils.invokeMethod(ReflectionUtils.java:727)
	at org.junit.jupiter.engine.execution.MethodInvocation.proceed(MethodInvocation.java:60)
	at org.junit.jupiter.engine.execution.InvocationInterceptorChain$ValidatingInvocation.proceed(InvocationInterceptorChain.java:131)
	at org.junit.jupiter.engine.extension.TimeoutExtension.intercept(TimeoutExtension.java:156)
	at org.junit.jupiter.engine.extension.TimeoutExtension.interceptTestableMethod(TimeoutExtension.java:147)
	at org.junit.jupiter.engine.extension.TimeoutExtension.interceptTestMethod(TimeoutExtension.java:86)
	at org.junit.jupiter.engine.execution.InterceptingExecutableInvoker$ReflectiveInterceptorCall.lambda$ofVoidMethod$0(InterceptingExecutableInvoker.java:103)
	at org.junit.jupiter.engine.execution.InterceptingExecutableInvoker.lambda$invoke$0(InterceptingExecutableInvoker.java:93)
	at org.junit.jupiter.engine.execution.InvocationInterceptorChain$InterceptedInvocation.proceed(InvocationInterceptorChain.java:106)
	at org.junit.jupiter.engine.execution.InvocationInterceptorChain.proceed(InvocationInterceptorChain.java:64)
	at org.junit.jupiter.engine.execution.InvocationInterceptorChain.chainAndInvoke(InvocationInterceptorChain.java:45)
	at org.junit.jupiter.engine.execution.InvocationInterceptorChain.invoke(InvocationInterceptorChain.java:37)
	at org.junit.jupiter.engine.execution.InterceptingExecutableInvoker.invoke(InterceptingExecutableInvoker.java:92)
	at org.junit.jupiter.engine.execution.InterceptingExecutableInvoker.invoke(InterceptingExecutableInvoker.java:86)
	at org.junit.jupiter.engine.descriptor.TestMethodTestDescriptor.lambda$invokeTestMethod$7(TestMethodTestDescriptor.java:217)
	at org.junit.platform.engine.support.hierarchical.ThrowableCollector.execute(ThrowableCollector.java:73)
	at org.junit.jupiter.engine.descriptor.TestMethodTestDescriptor.invokeTestMethod(TestMethodTestDescriptor.java:213)
	at org.junit.jupiter.engine.descriptor.TestMethodTestDescriptor.execute(TestMethodTestDescriptor.java:138)
	at org.junit.jupiter.engine.descriptor.TestMethodTestDescriptor.execute(TestMethodTestDescriptor.java:68)
	at org.junit.platform.engine.support.hierarchical.NodeTestTask.lambda$executeRecursively$6(NodeTestTask.java:151)
	at org.junit.platform.engine.support.hierarchical.ThrowableCollector.execute(ThrowableCollector.java:73)
	at org.junit.platform.engine.support.hierarchical.NodeTestTask.lambda$executeRecursively$8(NodeTestTask.java:141)
	at org.junit.platform.engine.support.hierarchical.Node.around(Node.java:137)
	at org.junit.platform.engine.support.hierarchical.NodeTestTask.lambda$executeRecursively$9(NodeTestTask.java:139)
	at org.junit.platform.engine.support.hierarchical.ThrowableCollector.execute(ThrowableCollector.java:73)
	at org.junit.platform.engine.support.hierarchical.NodeTestTask.executeRecursively(NodeTestTask.java:138)
	at org.junit.platform.engine.support.hierarchical.NodeTestTask.execute(NodeTestTask.java:95)
	at java.base/java.util.ArrayList.forEach(ArrayList.java:1511)
	at org.junit.platform.engine.support.hierarchical.SameThreadHierarchicalTestExecutorService.invokeAll(SameThreadHierarchicalTestExecutorService.java:41)
	at org.junit.platform.engine.support.hierarchical.NodeTestTask.lambda$executeRecursively$6(NodeTestTask.java:155)
	at org.junit.platform.engine.support.hierarchical.ThrowableCollector.execute(ThrowableCollector.java:73)
	at org.junit.platform.engine.support.hierarchical.NodeTestTask.lambda$executeRecursively$8(NodeTestTask.java:141)
	at org.junit.platform.engine.support.hierarchical.Node.around(Node.java:137)
	at org.junit.platform.engine.support.hierarchical.NodeTestTask.lambda$executeRecursively$9(NodeTestTask.java:139)
	at org.junit.platform.engine.support.hierarchical.ThrowableCollector.execute(ThrowableCollector.java:73)
	at org.junit.platform.engine.support.hierarchical.NodeTestTask.executeRecursively(NodeTestTask.java:138)
	at org.junit.platform.engine.support.hierarchical.NodeTestTask.execute(NodeTestTask.java:95)
	at java.base/java.util.ArrayList.forEach(ArrayList.java:1511)
	at org.junit.platform.engine.support.hierarchical.SameThreadHierarchicalTestExecutorService.invokeAll(SameThreadHierarchicalTestExecutorService.java:41)
	at org.junit.platform.engine.support.hierarchical.NodeTestTask.lambda$executeRecursively$6(NodeTestTask.java:155)
	at org.junit.platform.engine.support.hierarchical.ThrowableCollector.execute(ThrowableCollector.java:73)
	at org.junit.platform.engine.support.hierarchical.NodeTestTask.lambda$executeRecursively$8(NodeTestTask.java:141)
	at org.junit.platform.engine.support.hierarchical.Node.around(Node.java:137)
	at org.junit.platform.engine.support.hierarchical.NodeTestTask.lambda$executeRecursively$9(NodeTestTask.java:139)
	at org.junit.platform.engine.support.hierarchical.ThrowableCollector.execute(ThrowableCollector.java:73)
	at org.junit.platform.engine.support.hierarchical.NodeTestTask.executeRecursively(NodeTestTask.java:138)
	at org.junit.platform.engine.support.hierarchical.NodeTestTask.execute(NodeTestTask.java:95)
	at org.junit.platform.engine.support.hierarchical.SameThreadHierarchicalTestExecutorService.submit(SameThreadHierarchicalTestExecutorService.java:35)
	at org.junit.platform.engine.support.hierarchical.HierarchicalTestExecutor.execute(HierarchicalTestExecutor.java:57)
	at org.junit.platform.engine.support.hierarchical.HierarchicalTestEngine.execute(HierarchicalTestEngine.java:54)
	at org.junit.platform.launcher.core.EngineExecutionOrchestrator.execute(EngineExecutionOrchestrator.java:147)
	at org.junit.platform.launcher.core.EngineExecutionOrchestrator.execute(EngineExecutionOrchestrator.java:127)
	at org.junit.platform.launcher.core.EngineExecutionOrchestrator.execute(EngineExecutionOrchestrator.java:90)
	at org.junit.platform.launcher.core.EngineExecutionOrchestrator.lambda$execute$0(EngineExecutionOrchestrator.java:55)
	at org.junit.platform.launcher.core.EngineExecutionOrchestrator.withInterceptedStreams(EngineExecutionOrchestrator.java:102)
	at org.junit.platform.launcher.core.EngineExecutionOrchestrator.execute(EngineExecutionOrchestrator.java:54)
	at org.junit.platform.launcher.core.DefaultLauncher.execute(DefaultLauncher.java:114)
	at org.junit.platform.launcher.core.DefaultLauncher.execute(DefaultLauncher.java:86)
	at org.junit.platform.launcher.core.DefaultLauncherSession$DelegatingLauncher.execute(DefaultLauncherSession.java:86)
	at org.apache.maven.surefire.junitplatform.LazyLauncher.execute(LazyLauncher.java:50)
	at org.apache.maven.surefire.junitplatform.JUnitPlatformProvider.execute(JUnitPlatformProvider.java:184)
	at org.apache.maven.surefire.junitplatform.JUnitPlatformProvider.invokeAllTests(JUnitPlatformProvider.java:148)
	at org.apache.maven.surefire.junitplatform.JUnitPlatformProvider.invoke(JUnitPlatformProvider.java:122)
	at org.apache.maven.surefire.booter.ForkedBooter.runSuitesInProcess(ForkedBooter.java:385)
	at org.apache.maven.surefire.booter.ForkedBooter.execute(ForkedBooter.java:162)
	at org.apache.maven.surefire.booter.ForkedBooter.run(ForkedBooter.java:507)
	at org.apache.maven.surefire.booter.ForkedBooter.main(ForkedBooter.java:495)
]]></failure>
    <system-out><![CDATA[2023-11-23T19:31:01.934+01:00  INFO 22316 --- [           main] o.apache.catalina.core.StandardService   : Stopping service [Tomcat]
2023-11-23T19:31:01.940+01:00  INFO 22316 --- [           main] j.LocalContainerEntityManagerFactoryBean : Closing JPA EntityManagerFactory for persistence unit 'default'
2023-11-23T19:31:01.940+01:00 DEBUG 22316 --- [           main] org.hibernate.SQL                        : drop table if exists project cascade 
2023-11-23T19:31:01.941+01:00 DEBUG 22316 --- [           main] org.hibernate.SQL                        : drop table if exists projectmember cascade 
2023-11-23T19:31:01.942+01:00 DEBUG 22316 --- [           main] org.hibernate.SQL                        : drop table if exists projectmembership cascade 
2023-11-23T19:31:01.943+01:00 DEBUG 22316 --- [           main] org.hibernate.SQL                        : drop table if exists projectrole cascade 
2023-11-23T19:31:01.944+01:00  INFO 22316 --- [           main] com.zaxxer.hikari.HikariDataSource       : HikariPool-2 - Shutdown initiated...
2023-11-23T19:31:01.945+01:00  INFO 22316 --- [           main] com.zaxxer.hikari.HikariDataSource       : HikariPool-2 - Shutdown completed.

  .   ____          _            __ _ _
 /\\ / ___'_ __ _ _(_)_ __  __ _ \ \ \ \
( ( )\___ | '_ | '_| | '_ \/ _` | \ \ \ \
 \\/  ___)| |_)| | | | | || (_| |  ) ) ) )
  '  |____| .__|_| |_|_| |_\__, | / / / /
 =========|_|==============|___/=/_/_/_/
 :: Spring Boot ::                (v3.1.5)

2023-11-23T19:31:01.974+01:00  INFO 22316 --- [           main] c.e.P.ProjectControllerTests             : Starting ProjectControllerTests using Java 17.0.8.1 with PID 22316 (started by mitch in D:\projecten\semester6individueel\ProjectService)
2023-11-23T19:31:01.974+01:00  INFO 22316 --- [           main] c.e.P.ProjectControllerTests             : The following 1 profile is active: "test"
2023-11-23T19:31:02.144+01:00  INFO 22316 --- [           main] .s.d.r.c.RepositoryConfigurationDelegate : Multiple Spring Data modules found, entering strict repository configuration mode
2023-11-23T19:31:02.144+01:00  INFO 22316 --- [           main] .s.d.r.c.RepositoryConfigurationDelegate : Bootstrapping Spring Data JPA repositories in DEFAULT mode.
2023-11-23T19:31:02.159+01:00  INFO 22316 --- [           main] .s.d.r.c.RepositoryConfigurationDelegate : Finished Spring Data repository scanning in 15 ms. Found 2 JPA repository interfaces.
2023-11-23T19:31:02.163+01:00  INFO 22316 --- [           main] .s.d.r.c.RepositoryConfigurationDelegate : Multiple Spring Data modules found, entering strict repository configuration mode
2023-11-23T19:31:02.163+01:00  INFO 22316 --- [           main] .s.d.r.c.RepositoryConfigurationDelegate : Bootstrapping Spring Data Redis repositories in DEFAULT mode.
2023-11-23T19:31:02.169+01:00  INFO 22316 --- [           main] .RepositoryConfigurationExtensionSupport : Spring Data Redis - Could not safely identify store assignment for repository candidate interface com.example.ProjectService.repositories.IAccountRepository; If you want this repository to be a Redis repository, consider annotating your entities with one of these annotations: org.springframework.data.redis.core.RedisHash (preferred), or consider extending one of the following types with your repository: org.springframework.data.keyvalue.repository.KeyValueRepository
2023-11-23T19:31:02.169+01:00  INFO 22316 --- [           main] .RepositoryConfigurationExtensionSupport : Spring Data Redis - Could not safely identify store assignment for repository candidate interface com.example.ProjectService.repositories.IProjectRepository; If you want this repository to be a Redis repository, consider annotating your entities with one of these annotations: org.springframework.data.redis.core.RedisHash (preferred), or consider extending one of the following types with your repository: org.springframework.data.keyvalue.repository.KeyValueRepository
2023-11-23T19:31:02.169+01:00  INFO 22316 --- [           main] .s.d.r.c.RepositoryConfigurationDelegate : Finished Spring Data repository scanning in 6 ms. Found 0 Redis repository interfaces.
2023-11-23T19:31:02.250+01:00  INFO 22316 --- [           main] o.s.b.w.embedded.tomcat.TomcatWebServer  : Tomcat initialized with port(s): 0 (http)
2023-11-23T19:31:02.251+01:00  INFO 22316 --- [           main] o.apache.catalina.core.StandardService   : Starting service [Tomcat]
2023-11-23T19:31:02.251+01:00  INFO 22316 --- [           main] o.apache.catalina.core.StandardEngine    : Starting Servlet engine: [Apache Tomcat/10.1.15]
2023-11-23T19:31:02.293+01:00  INFO 22316 --- [           main] o.a.c.c.C.[Tomcat].[localhost].[/]       : Initializing Spring embedded WebApplicationContext
2023-11-23T19:31:02.293+01:00  INFO 22316 --- [           main] w.s.c.ServletWebServerApplicationContext : Root WebApplicationContext: initialization completed in 317 ms
2023-11-23T19:31:02.330+01:00  INFO 22316 --- [           main] o.hibernate.jpa.internal.util.LogHelper  : HHH000204: Processing PersistenceUnitInfo [name: default]
2023-11-23T19:31:02.336+01:00  INFO 22316 --- [           main] o.s.o.j.p.SpringPersistenceUnitInfo      : No LoadTimeWeaver setup: ignoring JPA class transformer
2023-11-23T19:31:02.337+01:00  INFO 22316 --- [           main] com.zaxxer.hikari.HikariDataSource       : HikariPool-3 - Starting...
2023-11-23T19:31:02.339+01:00  INFO 22316 --- [           main] com.zaxxer.hikari.pool.HikariPool        : HikariPool-3 - Added connection conn20: url=jdbc:h2:mem:db user=SA
2023-11-23T19:31:02.339+01:00  INFO 22316 --- [           main] com.zaxxer.hikari.HikariDataSource       : HikariPool-3 - Start completed.
2023-11-23T19:31:02.339+01:00  WARN 22316 --- [           main] org.hibernate.orm.deprecation            : HHH90000025: H2Dialect does not need to be specified explicitly using 'hibernate.dialect' (remove the property setting and it will be selected by default)
2023-11-23T19:31:02.354+01:00  WARN 22316 --- [           main] org.hibernate.mapping.RootClass          : HHH000038: Composite-id class does not override equals(): com.example.ProjectService.JoinTable.ProjectMembership
2023-11-23T19:31:02.354+01:00  WARN 22316 --- [           main] org.hibernate.mapping.RootClass          : HHH000039: Composite-id class does not override hashCode(): com.example.ProjectService.JoinTable.ProjectMembership
2023-11-23T19:31:02.407+01:00  INFO 22316 --- [           main] o.h.e.t.j.p.i.JtaPlatformInitiator       : HHH000489: No JTA platform available (set 'hibernate.transaction.jta.platform' to enable JTA platform integration)
2023-11-23T19:31:02.407+01:00 DEBUG 22316 --- [           main] org.hibernate.SQL                        : drop table if exists project cascade 
2023-11-23T19:31:02.408+01:00 DEBUG 22316 --- [           main] org.hibernate.SQL                        : drop table if exists projectmember cascade 
2023-11-23T19:31:02.408+01:00 DEBUG 22316 --- [           main] org.hibernate.SQL                        : drop table if exists projectmembership cascade 
2023-11-23T19:31:02.408+01:00 DEBUG 22316 --- [           main] org.hibernate.SQL                        : drop table if exists projectrole cascade 
2023-11-23T19:31:02.408+01:00 DEBUG 22316 --- [           main] org.hibernate.SQL                        : create table project (createdat timestamp(6), id bigint generated by default as identity, lastupdatedat timestamp(6), owner_id bigint, projectdescription varchar(255), projectname varchar(255), primary key (id))
2023-11-23T19:31:02.410+01:00 DEBUG 22316 --- [           main] org.hibernate.SQL                        : create table projectmember (id bigint not null, email varchar(255) unique, primary key (id))
2023-11-23T19:31:02.411+01:00 DEBUG 22316 --- [           main] org.hibernate.SQL                        : create table projectmembership (joinedproject_id bigint not null, member_id bigint not null, role_id bigint not null, primary key (joinedproject_id, member_id, role_id))
2023-11-23T19:31:02.412+01:00 DEBUG 22316 --- [           main] org.hibernate.SQL                        : create table projectrole (id bigint generated by default as identity, name varchar(255) unique, primary key (id))
2023-11-23T19:31:02.413+01:00 DEBUG 22316 --- [           main] org.hibernate.SQL                        : alter table if exists project add constraint FKgela6raf25bsa6thxog5x8lkv foreign key (owner_id) references projectmember
2023-11-23T19:31:02.414+01:00 DEBUG 22316 --- [           main] org.hibernate.SQL                        : alter table if exists projectmembership add constraint FKr5hoxnh9k5nutty4hon93c6fe foreign key (joinedproject_id) references project
2023-11-23T19:31:02.415+01:00 DEBUG 22316 --- [           main] org.hibernate.SQL                        : alter table if exists projectmembership add constraint FKt45jjcbtrrsgom05jwu0fje4b foreign key (member_id) references projectmember
2023-11-23T19:31:02.416+01:00 DEBUG 22316 --- [           main] org.hibernate.SQL                        : alter table if exists projectmembership add constraint FKfnovlarbluovef58uneoi1li1 foreign key (role_id) references projectrole
2023-11-23T19:31:02.418+01:00  INFO 22316 --- [           main] j.LocalContainerEntityManagerFactoryBean : Initialized JPA EntityManagerFactory for persistence unit 'default'
2023-11-23T19:31:02.505+01:00  WARN 22316 --- [           main] JpaBaseConfiguration$JpaWebConfiguration : spring.jpa.open-in-view is enabled by default. Therefore, database queries may be performed during view rendering. Explicitly configure spring.jpa.open-in-view to disable this warning
2023-11-23T19:31:02.651+01:00  INFO 22316 --- [           main] o.a.c.c.C.[Tomcat].[localhost].[/]       : Initializing Spring TestDispatcherServlet ''
2023-11-23T19:31:02.651+01:00  INFO 22316 --- [           main] o.s.t.web.servlet.TestDispatcherServlet  : Initializing Servlet ''
2023-11-23T19:31:02.652+01:00  INFO 22316 --- [           main] o.s.t.web.servlet.TestDispatcherServlet  : Completed initialization in 1 ms
2023-11-23T19:31:02.668+01:00  INFO 22316 --- [           main] o.s.b.w.embedded.tomcat.TomcatWebServer  : Tomcat started on port(s): 55472 (http) with context path ''
2023-11-23T19:31:02.673+01:00  INFO 22316 --- [           main] c.e.P.ProjectControllerTests             : Started ProjectControllerTests in 0.726 seconds (process running for 10.728)
2023-11-23T19:31:02.876+01:00 DEBUG 22316 --- [           main] org.hibernate.SQL                        : select p1_0.id,p1_0.email from projectmember p1_0 where p1_0.id=?
2023-11-23T19:31:02.930+01:00  INFO 22316 --- [           main] c.e.P.Project.ProjectService             : new project dto => Project{Id=null, Projectname='project666666', Projectdescription='description16666', Createdat=Thu Nov 23 19:31:02 CET 2023, Lastupdatedat=Thu Nov 23 19:31:02 CET 2023, Owner=ProjectMember{Id=140, Email='testuser140@gmail.com'}, Memberships=[]}
2023-11-23T19:31:02.990+01:00 DEBUG 22316 --- [           main] org.hibernate.SQL                        : insert into project (createdat,lastupdatedat,owner_id,projectdescription,projectname,id) values (?,?,?,?,?,default)
2023-11-23T19:31:03.078+01:00 DEBUG 22316 --- [           main] org.hibernate.SQL                        : SELECT * FROM `project` ORDER BY `id` DESC LIMIT 1

MockHttpServletRequest:
      HTTP Method = POST
      Request URI = /api/projects/create
       Parameters = {}
          Headers = [Content-Type:"application/json;charset=UTF-8", Accept:"application/json", Content-Length:"185"]
             Body = {"id":null,"projectdescription":"description16666","projectname":"project666666","lastupdatedat":"2023-11-23","owner":{"id":140,"email":"testuser140@gmail.com"},"projectmemberships":[]}
    Session Attrs = {}

Handler:
             Type = com.example.ProjectService.Project.ProjectController
           Method = com.example.ProjectService.Project.ProjectController#CreateProject(ProjectDto)

Async:
    Async started = false
     Async result = null

Resolved Exception:
             Type = null

ModelAndView:
        View name = null
             View = null
            Model = null

FlashMap:
       Attributes = null

MockHttpServletResponse:
           Status = 201
    Error message = null
          Headers = [Vary:"Origin", "Access-Control-Request-Method", "Access-Control-Request-Headers", Content-Type:"application/json", Content-Length:"11"]
     Content type = application/json
             Body = { "id": 4 }
    Forwarded URL = null
   Redirected URL = null
          Cookies = []
]]></system-out>
  </testcase>
  <testcase name="shouldCreateProject" classname="com.example.ProjectService.ProjectControllerTests" time="0.72">
    <system-out><![CDATA[2023-11-23T19:31:03.133+01:00  INFO 22316 --- [           main] o.apache.catalina.core.StandardService   : Stopping service [Tomcat]
2023-11-23T19:31:03.141+01:00  INFO 22316 --- [           main] j.LocalContainerEntityManagerFactoryBean : Closing JPA EntityManagerFactory for persistence unit 'default'
2023-11-23T19:31:03.142+01:00 DEBUG 22316 --- [           main] org.hibernate.SQL                        : drop table if exists project cascade 
2023-11-23T19:31:03.143+01:00 DEBUG 22316 --- [           main] org.hibernate.SQL                        : drop table if exists projectmember cascade 
2023-11-23T19:31:03.143+01:00 DEBUG 22316 --- [           main] org.hibernate.SQL                        : drop table if exists projectmembership cascade 
2023-11-23T19:31:03.144+01:00 DEBUG 22316 --- [           main] org.hibernate.SQL                        : drop table if exists projectrole cascade 
2023-11-23T19:31:03.145+01:00  INFO 22316 --- [           main] com.zaxxer.hikari.HikariDataSource       : HikariPool-3 - Shutdown initiated...
2023-11-23T19:31:03.145+01:00  INFO 22316 --- [           main] com.zaxxer.hikari.HikariDataSource       : HikariPool-3 - Shutdown completed.

  .   ____          _            __ _ _
 /\\ / ___'_ __ _ _(_)_ __  __ _ \ \ \ \
( ( )\___ | '_ | '_| | '_ \/ _` | \ \ \ \
 \\/  ___)| |_)| | | | | || (_| |  ) ) ) )
  '  |____| .__|_| |_|_| |_\__, | / / / /
 =========|_|==============|___/=/_/_/_/
 :: Spring Boot ::                (v3.1.5)

2023-11-23T19:31:03.176+01:00  INFO 22316 --- [           main] c.e.P.ProjectControllerTests             : Starting ProjectControllerTests using Java 17.0.8.1 with PID 22316 (started by mitch in D:\projecten\semester6individueel\ProjectService)
2023-11-23T19:31:03.177+01:00  INFO 22316 --- [           main] c.e.P.ProjectControllerTests             : The following 1 profile is active: "test"
2023-11-23T19:31:03.341+01:00  INFO 22316 --- [           main] .s.d.r.c.RepositoryConfigurationDelegate : Multiple Spring Data modules found, entering strict repository configuration mode
2023-11-23T19:31:03.341+01:00  INFO 22316 --- [           main] .s.d.r.c.RepositoryConfigurationDelegate : Bootstrapping Spring Data JPA repositories in DEFAULT mode.
2023-11-23T19:31:03.354+01:00  INFO 22316 --- [           main] .s.d.r.c.RepositoryConfigurationDelegate : Finished Spring Data repository scanning in 12 ms. Found 2 JPA repository interfaces.
2023-11-23T19:31:03.357+01:00  INFO 22316 --- [           main] .s.d.r.c.RepositoryConfigurationDelegate : Multiple Spring Data modules found, entering strict repository configuration mode
2023-11-23T19:31:03.357+01:00  INFO 22316 --- [           main] .s.d.r.c.RepositoryConfigurationDelegate : Bootstrapping Spring Data Redis repositories in DEFAULT mode.
2023-11-23T19:31:03.362+01:00  INFO 22316 --- [           main] .RepositoryConfigurationExtensionSupport : Spring Data Redis - Could not safely identify store assignment for repository candidate interface com.example.ProjectService.repositories.IAccountRepository; If you want this repository to be a Redis repository, consider annotating your entities with one of these annotations: org.springframework.data.redis.core.RedisHash (preferred), or consider extending one of the following types with your repository: org.springframework.data.keyvalue.repository.KeyValueRepository
2023-11-23T19:31:03.362+01:00  INFO 22316 --- [           main] .RepositoryConfigurationExtensionSupport : Spring Data Redis - Could not safely identify store assignment for repository candidate interface com.example.ProjectService.repositories.IProjectRepository; If you want this repository to be a Redis repository, consider annotating your entities with one of these annotations: org.springframework.data.redis.core.RedisHash (preferred), or consider extending one of the following types with your repository: org.springframework.data.keyvalue.repository.KeyValueRepository
2023-11-23T19:31:03.362+01:00  INFO 22316 --- [           main] .s.d.r.c.RepositoryConfigurationDelegate : Finished Spring Data repository scanning in 5 ms. Found 0 Redis repository interfaces.
2023-11-23T19:31:03.432+01:00  INFO 22316 --- [           main] o.s.b.w.embedded.tomcat.TomcatWebServer  : Tomcat initialized with port(s): 0 (http)
2023-11-23T19:31:03.433+01:00  INFO 22316 --- [           main] o.apache.catalina.core.StandardService   : Starting service [Tomcat]
2023-11-23T19:31:03.434+01:00  INFO 22316 --- [           main] o.apache.catalina.core.StandardEngine    : Starting Servlet engine: [Apache Tomcat/10.1.15]
2023-11-23T19:31:03.470+01:00  INFO 22316 --- [           main] o.a.c.c.C.[Tomcat].[localhost].[/]       : Initializing Spring embedded WebApplicationContext
2023-11-23T19:31:03.470+01:00  INFO 22316 --- [           main] w.s.c.ServletWebServerApplicationContext : Root WebApplicationContext: initialization completed in 291 ms
2023-11-23T19:31:03.506+01:00  INFO 22316 --- [           main] o.hibernate.jpa.internal.util.LogHelper  : HHH000204: Processing PersistenceUnitInfo [name: default]
2023-11-23T19:31:03.514+01:00  INFO 22316 --- [           main] o.s.o.j.p.SpringPersistenceUnitInfo      : No LoadTimeWeaver setup: ignoring JPA class transformer
2023-11-23T19:31:03.515+01:00  INFO 22316 --- [           main] com.zaxxer.hikari.HikariDataSource       : HikariPool-4 - Starting...
2023-11-23T19:31:03.516+01:00  INFO 22316 --- [           main] com.zaxxer.hikari.pool.HikariPool        : HikariPool-4 - Added connection conn30: url=jdbc:h2:mem:db user=SA
2023-11-23T19:31:03.516+01:00  INFO 22316 --- [           main] com.zaxxer.hikari.HikariDataSource       : HikariPool-4 - Start completed.
2023-11-23T19:31:03.517+01:00  WARN 22316 --- [           main] org.hibernate.orm.deprecation            : HHH90000025: H2Dialect does not need to be specified explicitly using 'hibernate.dialect' (remove the property setting and it will be selected by default)
2023-11-23T19:31:03.532+01:00  WARN 22316 --- [           main] org.hibernate.mapping.RootClass          : HHH000038: Composite-id class does not override equals(): com.example.ProjectService.JoinTable.ProjectMembership
2023-11-23T19:31:03.532+01:00  WARN 22316 --- [           main] org.hibernate.mapping.RootClass          : HHH000039: Composite-id class does not override hashCode(): com.example.ProjectService.JoinTable.ProjectMembership
2023-11-23T19:31:03.574+01:00  INFO 22316 --- [           main] o.h.e.t.j.p.i.JtaPlatformInitiator       : HHH000489: No JTA platform available (set 'hibernate.transaction.jta.platform' to enable JTA platform integration)
2023-11-23T19:31:03.575+01:00 DEBUG 22316 --- [           main] org.hibernate.SQL                        : drop table if exists project cascade 
2023-11-23T19:31:03.575+01:00 DEBUG 22316 --- [           main] org.hibernate.SQL                        : drop table if exists projectmember cascade 
2023-11-23T19:31:03.575+01:00 DEBUG 22316 --- [           main] org.hibernate.SQL                        : drop table if exists projectmembership cascade 
2023-11-23T19:31:03.575+01:00 DEBUG 22316 --- [           main] org.hibernate.SQL                        : drop table if exists projectrole cascade 
2023-11-23T19:31:03.575+01:00 DEBUG 22316 --- [           main] org.hibernate.SQL                        : create table project (createdat timestamp(6), id bigint generated by default as identity, lastupdatedat timestamp(6), owner_id bigint, projectdescription varchar(255), projectname varchar(255), primary key (id))
2023-11-23T19:31:03.576+01:00 DEBUG 22316 --- [           main] org.hibernate.SQL                        : create table projectmember (id bigint not null, email varchar(255) unique, primary key (id))
2023-11-23T19:31:03.577+01:00 DEBUG 22316 --- [           main] org.hibernate.SQL                        : create table projectmembership (joinedproject_id bigint not null, member_id bigint not null, role_id bigint not null, primary key (joinedproject_id, member_id, role_id))
2023-11-23T19:31:03.577+01:00 DEBUG 22316 --- [           main] org.hibernate.SQL                        : create table projectrole (id bigint generated by default as identity, name varchar(255) unique, primary key (id))
2023-11-23T19:31:03.578+01:00 DEBUG 22316 --- [           main] org.hibernate.SQL                        : alter table if exists project add constraint FKgela6raf25bsa6thxog5x8lkv foreign key (owner_id) references projectmember
2023-11-23T19:31:03.579+01:00 DEBUG 22316 --- [           main] org.hibernate.SQL                        : alter table if exists projectmembership add constraint FKr5hoxnh9k5nutty4hon93c6fe foreign key (joinedproject_id) references project
2023-11-23T19:31:03.579+01:00 DEBUG 22316 --- [           main] org.hibernate.SQL                        : alter table if exists projectmembership add constraint FKt45jjcbtrrsgom05jwu0fje4b foreign key (member_id) references projectmember
2023-11-23T19:31:03.580+01:00 DEBUG 22316 --- [           main] org.hibernate.SQL                        : alter table if exists projectmembership add constraint FKfnovlarbluovef58uneoi1li1 foreign key (role_id) references projectrole
2023-11-23T19:31:03.581+01:00  INFO 22316 --- [           main] j.LocalContainerEntityManagerFactoryBean : Initialized JPA EntityManagerFactory for persistence unit 'default'
2023-11-23T19:31:03.632+01:00  WARN 22316 --- [           main] JpaBaseConfiguration$JpaWebConfiguration : spring.jpa.open-in-view is enabled by default. Therefore, database queries may be performed during view rendering. Explicitly configure spring.jpa.open-in-view to disable this warning
2023-11-23T19:31:03.754+01:00  INFO 22316 --- [           main] o.a.c.c.C.[Tomcat].[localhost].[/]       : Initializing Spring TestDispatcherServlet ''
2023-11-23T19:31:03.754+01:00  INFO 22316 --- [           main] o.s.t.web.servlet.TestDispatcherServlet  : Initializing Servlet ''
2023-11-23T19:31:03.755+01:00  INFO 22316 --- [           main] o.s.t.web.servlet.TestDispatcherServlet  : Completed initialization in 1 ms
2023-11-23T19:31:03.771+01:00  INFO 22316 --- [           main] o.s.b.w.embedded.tomcat.TomcatWebServer  : Tomcat started on port(s): 55475 (http) with context path ''
2023-11-23T19:31:03.779+01:00  INFO 22316 --- [           main] c.e.P.ProjectControllerTests             : Started ProjectControllerTests in 0.631 seconds (process running for 11.833)
2023-11-23T19:31:03.798+01:00 DEBUG 22316 --- [           main] org.hibernate.SQL                        : select p1_0.id,p1_0.email from projectmember p1_0 where p1_0.id=?
2023-11-23T19:31:03.800+01:00  INFO 22316 --- [           main] c.e.P.Project.ProjectService             : new project dto => Project{Id=null, Projectname='project66', Projectdescription='description1', Createdat=Thu Nov 23 19:31:03 CET 2023, Lastupdatedat=Thu Nov 23 19:31:03 CET 2023, Owner=ProjectMember{Id=140, Email='testuser140@gmail.com'}, Memberships=[]}
2023-11-23T19:31:03.802+01:00 DEBUG 22316 --- [           main] org.hibernate.SQL                        : insert into project (createdat,lastupdatedat,owner_id,projectdescription,projectname,id) values (?,?,?,?,?,default)
2023-11-23T19:31:03.805+01:00 DEBUG 22316 --- [           main] org.hibernate.SQL                        : SELECT * FROM `project` ORDER BY `id` DESC LIMIT 1
]]></system-out>
  </testcase>
  <testcase name="shouldGetNoProjectsFromAccount" classname="com.example.ProjectService.ProjectControllerTests" time="0.962">
    <system-out><![CDATA[2023-11-23T19:31:03.849+01:00  INFO 22316 --- [           main] o.apache.catalina.core.StandardService   : Stopping service [Tomcat]
2023-11-23T19:31:03.855+01:00  INFO 22316 --- [           main] j.LocalContainerEntityManagerFactoryBean : Closing JPA EntityManagerFactory for persistence unit 'default'
2023-11-23T19:31:03.855+01:00 DEBUG 22316 --- [           main] org.hibernate.SQL                        : drop table if exists project cascade 
2023-11-23T19:31:03.856+01:00 DEBUG 22316 --- [           main] org.hibernate.SQL                        : drop table if exists projectmember cascade 
2023-11-23T19:31:03.857+01:00 DEBUG 22316 --- [           main] org.hibernate.SQL                        : drop table if exists projectmembership cascade 
2023-11-23T19:31:03.857+01:00 DEBUG 22316 --- [           main] org.hibernate.SQL                        : drop table if exists projectrole cascade 
2023-11-23T19:31:03.858+01:00  INFO 22316 --- [           main] com.zaxxer.hikari.HikariDataSource       : HikariPool-4 - Shutdown initiated...
2023-11-23T19:31:03.859+01:00  INFO 22316 --- [           main] com.zaxxer.hikari.HikariDataSource       : HikariPool-4 - Shutdown completed.

  .   ____          _            __ _ _
 /\\ / ___'_ __ _ _(_)_ __  __ _ \ \ \ \
( ( )\___ | '_ | '_| | '_ \/ _` | \ \ \ \
 \\/  ___)| |_)| | | | | || (_| |  ) ) ) )
  '  |____| .__|_| |_|_| |_\__, | / / / /
 =========|_|==============|___/=/_/_/_/
 :: Spring Boot ::                (v3.1.5)

2023-11-23T19:31:03.877+01:00  INFO 22316 --- [           main] c.e.P.ProjectControllerTests             : Starting ProjectControllerTests using Java 17.0.8.1 with PID 22316 (started by mitch in D:\projecten\semester6individueel\ProjectService)
2023-11-23T19:31:03.878+01:00  INFO 22316 --- [           main] c.e.P.ProjectControllerTests             : The following 1 profile is active: "test"
2023-11-23T19:31:03.987+01:00  INFO 22316 --- [           main] .s.d.r.c.RepositoryConfigurationDelegate : Multiple Spring Data modules found, entering strict repository configuration mode
2023-11-23T19:31:03.988+01:00  INFO 22316 --- [           main] .s.d.r.c.RepositoryConfigurationDelegate : Bootstrapping Spring Data JPA repositories in DEFAULT mode.
2023-11-23T19:31:03.998+01:00  INFO 22316 --- [           main] .s.d.r.c.RepositoryConfigurationDelegate : Finished Spring Data repository scanning in 9 ms. Found 2 JPA repository interfaces.
2023-11-23T19:31:04.000+01:00  INFO 22316 --- [           main] .s.d.r.c.RepositoryConfigurationDelegate : Multiple Spring Data modules found, entering strict repository configuration mode
2023-11-23T19:31:04.000+01:00  INFO 22316 --- [           main] .s.d.r.c.RepositoryConfigurationDelegate : Bootstrapping Spring Data Redis repositories in DEFAULT mode.
2023-11-23T19:31:04.004+01:00  INFO 22316 --- [           main] .RepositoryConfigurationExtensionSupport : Spring Data Redis - Could not safely identify store assignment for repository candidate interface com.example.ProjectService.repositories.IAccountRepository; If you want this repository to be a Redis repository, consider annotating your entities with one of these annotations: org.springframework.data.redis.core.RedisHash (preferred), or consider extending one of the following types with your repository: org.springframework.data.keyvalue.repository.KeyValueRepository
2023-11-23T19:31:04.004+01:00  INFO 22316 --- [           main] .RepositoryConfigurationExtensionSupport : Spring Data Redis - Could not safely identify store assignment for repository candidate interface com.example.ProjectService.repositories.IProjectRepository; If you want this repository to be a Redis repository, consider annotating your entities with one of these annotations: org.springframework.data.redis.core.RedisHash (preferred), or consider extending one of the following types with your repository: org.springframework.data.keyvalue.repository.KeyValueRepository
2023-11-23T19:31:04.004+01:00  INFO 22316 --- [           main] .s.d.r.c.RepositoryConfigurationDelegate : Finished Spring Data repository scanning in 3 ms. Found 0 Redis repository interfaces.
2023-11-23T19:31:04.051+01:00  INFO 22316 --- [           main] o.s.b.w.embedded.tomcat.TomcatWebServer  : Tomcat initialized with port(s): 0 (http)
2023-11-23T19:31:04.051+01:00  INFO 22316 --- [           main] o.apache.catalina.core.StandardService   : Starting service [Tomcat]
2023-11-23T19:31:04.052+01:00  INFO 22316 --- [           main] o.apache.catalina.core.StandardEngine    : Starting Servlet engine: [Apache Tomcat/10.1.15]
2023-11-23T19:31:04.089+01:00  INFO 22316 --- [           main] o.a.c.c.C.[Tomcat].[localhost].[/]       : Initializing Spring embedded WebApplicationContext
2023-11-23T19:31:04.090+01:00  INFO 22316 --- [           main] w.s.c.ServletWebServerApplicationContext : Root WebApplicationContext: initialization completed in 211 ms
2023-11-23T19:31:04.112+01:00  INFO 22316 --- [           main] o.hibernate.jpa.internal.util.LogHelper  : HHH000204: Processing PersistenceUnitInfo [name: default]
2023-11-23T19:31:04.119+01:00  INFO 22316 --- [           main] o.s.o.j.p.SpringPersistenceUnitInfo      : No LoadTimeWeaver setup: ignoring JPA class transformer
2023-11-23T19:31:04.120+01:00  INFO 22316 --- [           main] com.zaxxer.hikari.HikariDataSource       : HikariPool-5 - Starting...
2023-11-23T19:31:04.121+01:00  INFO 22316 --- [           main] com.zaxxer.hikari.pool.HikariPool        : HikariPool-5 - Added connection conn40: url=jdbc:h2:mem:db user=SA
2023-11-23T19:31:04.121+01:00  INFO 22316 --- [           main] com.zaxxer.hikari.HikariDataSource       : HikariPool-5 - Start completed.
2023-11-23T19:31:04.121+01:00  WARN 22316 --- [           main] org.hibernate.orm.deprecation            : HHH90000025: H2Dialect does not need to be specified explicitly using 'hibernate.dialect' (remove the property setting and it will be selected by default)
2023-11-23T19:31:04.132+01:00  WARN 22316 --- [           main] org.hibernate.mapping.RootClass          : HHH000038: Composite-id class does not override equals(): com.example.ProjectService.JoinTable.ProjectMembership
2023-11-23T19:31:04.132+01:00  WARN 22316 --- [           main] org.hibernate.mapping.RootClass          : HHH000039: Composite-id class does not override hashCode(): com.example.ProjectService.JoinTable.ProjectMembership
2023-11-23T19:31:04.171+01:00  INFO 22316 --- [           main] o.h.e.t.j.p.i.JtaPlatformInitiator       : HHH000489: No JTA platform available (set 'hibernate.transaction.jta.platform' to enable JTA platform integration)
2023-11-23T19:31:04.172+01:00 DEBUG 22316 --- [           main] org.hibernate.SQL                        : drop table if exists project cascade 
2023-11-23T19:31:04.172+01:00 DEBUG 22316 --- [           main] org.hibernate.SQL                        : drop table if exists projectmember cascade 
2023-11-23T19:31:04.172+01:00 DEBUG 22316 --- [           main] org.hibernate.SQL                        : drop table if exists projectmembership cascade 
2023-11-23T19:31:04.172+01:00 DEBUG 22316 --- [           main] org.hibernate.SQL                        : drop table if exists projectrole cascade 
2023-11-23T19:31:04.172+01:00 DEBUG 22316 --- [           main] org.hibernate.SQL                        : create table project (createdat timestamp(6), id bigint generated by default as identity, lastupdatedat timestamp(6), owner_id bigint, projectdescription varchar(255), projectname varchar(255), primary key (id))
2023-11-23T19:31:04.174+01:00 DEBUG 22316 --- [           main] org.hibernate.SQL                        : create table projectmember (id bigint not null, email varchar(255) unique, primary key (id))
2023-11-23T19:31:04.174+01:00 DEBUG 22316 --- [           main] org.hibernate.SQL                        : create table projectmembership (joinedproject_id bigint not null, member_id bigint not null, role_id bigint not null, primary key (joinedproject_id, member_id, role_id))
2023-11-23T19:31:04.175+01:00 DEBUG 22316 --- [           main] org.hibernate.SQL                        : create table projectrole (id bigint generated by default as identity, name varchar(255) unique, primary key (id))
2023-11-23T19:31:04.177+01:00 DEBUG 22316 --- [           main] org.hibernate.SQL                        : alter table if exists project add constraint FKgela6raf25bsa6thxog5x8lkv foreign key (owner_id) references projectmember
2023-11-23T19:31:04.178+01:00 DEBUG 22316 --- [           main] org.hibernate.SQL                        : alter table if exists projectmembership add constraint FKr5hoxnh9k5nutty4hon93c6fe foreign key (joinedproject_id) references project
2023-11-23T19:31:04.179+01:00 DEBUG 22316 --- [           main] org.hibernate.SQL                        : alter table if exists projectmembership add constraint FKt45jjcbtrrsgom05jwu0fje4b foreign key (member_id) references projectmember
2023-11-23T19:31:04.179+01:00 DEBUG 22316 --- [           main] org.hibernate.SQL                        : alter table if exists projectmembership add constraint FKfnovlarbluovef58uneoi1li1 foreign key (role_id) references projectrole
2023-11-23T19:31:04.181+01:00  INFO 22316 --- [           main] j.LocalContainerEntityManagerFactoryBean : Initialized JPA EntityManagerFactory for persistence unit 'default'
2023-11-23T19:31:04.238+01:00  WARN 22316 --- [           main] JpaBaseConfiguration$JpaWebConfiguration : spring.jpa.open-in-view is enabled by default. Therefore, database queries may be performed during view rendering. Explicitly configure spring.jpa.open-in-view to disable this warning
2023-11-23T19:31:04.344+01:00  INFO 22316 --- [           main] o.a.c.c.C.[Tomcat].[localhost].[/]       : Initializing Spring TestDispatcherServlet ''
2023-11-23T19:31:04.344+01:00  INFO 22316 --- [           main] o.s.t.web.servlet.TestDispatcherServlet  : Initializing Servlet ''
2023-11-23T19:31:04.344+01:00  INFO 22316 --- [           main] o.s.t.web.servlet.TestDispatcherServlet  : Completed initialization in 0 ms
2023-11-23T19:31:04.362+01:00  INFO 22316 --- [           main] o.s.b.w.embedded.tomcat.TomcatWebServer  : Tomcat started on port(s): 55478 (http) with context path ''
2023-11-23T19:31:04.365+01:00  INFO 22316 --- [           main] c.e.P.ProjectControllerTests             : Started ProjectControllerTests in 0.504 seconds (process running for 12.419)
2023-11-23T19:31:04.780+01:00 DEBUG 22316 --- [           main] org.hibernate.SQL                        : select p1_0.id,p1_0.email from projectmember p1_0 where p1_0.id=?
2023-11-23T19:31:04.789+01:00 DEBUG 22316 --- [           main] org.hibernate.SQL                        : SELECT * FROM project WHERE owner_id = ?
]]></system-out>
  </testcase>
  <testcase name="shouldGetAll3ProjectsFromAccount" classname="com.example.ProjectService.ProjectControllerTests" time="0.589">
    <system-out><![CDATA[2023-11-23T19:31:04.812+01:00  INFO 22316 --- [           main] o.apache.catalina.core.StandardService   : Stopping service [Tomcat]
2023-11-23T19:31:04.933+01:00  INFO 22316 --- [           main] j.LocalContainerEntityManagerFactoryBean : Closing JPA EntityManagerFactory for persistence unit 'default'
2023-11-23T19:31:04.933+01:00 DEBUG 22316 --- [           main] org.hibernate.SQL                        : drop table if exists project cascade 
2023-11-23T19:31:04.933+01:00 DEBUG 22316 --- [           main] org.hibernate.SQL                        : drop table if exists projectmember cascade 
2023-11-23T19:31:04.934+01:00 DEBUG 22316 --- [           main] org.hibernate.SQL                        : drop table if exists projectmembership cascade 
2023-11-23T19:31:04.934+01:00 DEBUG 22316 --- [           main] org.hibernate.SQL                        : drop table if exists projectrole cascade 
2023-11-23T19:31:04.935+01:00  INFO 22316 --- [           main] com.zaxxer.hikari.HikariDataSource       : HikariPool-5 - Shutdown initiated...
2023-11-23T19:31:04.935+01:00  INFO 22316 --- [           main] com.zaxxer.hikari.HikariDataSource       : HikariPool-5 - Shutdown completed.

  .   ____          _            __ _ _
 /\\ / ___'_ __ _ _(_)_ __  __ _ \ \ \ \
( ( )\___ | '_ | '_| | '_ \/ _` | \ \ \ \
 \\/  ___)| |_)| | | | | || (_| |  ) ) ) )
  '  |____| .__|_| |_|_| |_\__, | / / / /
 =========|_|==============|___/=/_/_/_/
 :: Spring Boot ::                (v3.1.5)

2023-11-23T19:31:04.949+01:00  INFO 22316 --- [           main] c.e.P.ProjectControllerTests             : Starting ProjectControllerTests using Java 17.0.8.1 with PID 22316 (started by mitch in D:\projecten\semester6individueel\ProjectService)
2023-11-23T19:31:04.949+01:00  INFO 22316 --- [           main] c.e.P.ProjectControllerTests             : The following 1 profile is active: "test"
2023-11-23T19:31:05.024+01:00  INFO 22316 --- [           main] .s.d.r.c.RepositoryConfigurationDelegate : Multiple Spring Data modules found, entering strict repository configuration mode
2023-11-23T19:31:05.024+01:00  INFO 22316 --- [           main] .s.d.r.c.RepositoryConfigurationDelegate : Bootstrapping Spring Data JPA repositories in DEFAULT mode.
2023-11-23T19:31:05.033+01:00  INFO 22316 --- [           main] .s.d.r.c.RepositoryConfigurationDelegate : Finished Spring Data repository scanning in 8 ms. Found 2 JPA repository interfaces.
2023-11-23T19:31:05.035+01:00  INFO 22316 --- [           main] .s.d.r.c.RepositoryConfigurationDelegate : Multiple Spring Data modules found, entering strict repository configuration mode
2023-11-23T19:31:05.035+01:00  INFO 22316 --- [           main] .s.d.r.c.RepositoryConfigurationDelegate : Bootstrapping Spring Data Redis repositories in DEFAULT mode.
2023-11-23T19:31:05.037+01:00  INFO 22316 --- [           main] .RepositoryConfigurationExtensionSupport : Spring Data Redis - Could not safely identify store assignment for repository candidate interface com.example.ProjectService.repositories.IAccountRepository; If you want this repository to be a Redis repository, consider annotating your entities with one of these annotations: org.springframework.data.redis.core.RedisHash (preferred), or consider extending one of the following types with your repository: org.springframework.data.keyvalue.repository.KeyValueRepository
2023-11-23T19:31:05.038+01:00  INFO 22316 --- [           main] .RepositoryConfigurationExtensionSupport : Spring Data Redis - Could not safely identify store assignment for repository candidate interface com.example.ProjectService.repositories.IProjectRepository; If you want this repository to be a Redis repository, consider annotating your entities with one of these annotations: org.springframework.data.redis.core.RedisHash (preferred), or consider extending one of the following types with your repository: org.springframework.data.keyvalue.repository.KeyValueRepository
2023-11-23T19:31:05.038+01:00  INFO 22316 --- [           main] .s.d.r.c.RepositoryConfigurationDelegate : Finished Spring Data repository scanning in 2 ms. Found 0 Redis repository interfaces.
2023-11-23T19:31:05.077+01:00  INFO 22316 --- [           main] o.s.b.w.embedded.tomcat.TomcatWebServer  : Tomcat initialized with port(s): 0 (http)
2023-11-23T19:31:05.078+01:00  INFO 22316 --- [           main] o.apache.catalina.core.StandardService   : Starting service [Tomcat]
2023-11-23T19:31:05.078+01:00  INFO 22316 --- [           main] o.apache.catalina.core.StandardEngine    : Starting Servlet engine: [Apache Tomcat/10.1.15]
2023-11-23T19:31:05.112+01:00  INFO 22316 --- [           main] o.a.c.c.C.[Tomcat].[localhost].[/]       : Initializing Spring embedded WebApplicationContext
2023-11-23T19:31:05.112+01:00  INFO 22316 --- [           main] w.s.c.ServletWebServerApplicationContext : Root WebApplicationContext: initialization completed in 162 ms
2023-11-23T19:31:05.136+01:00  INFO 22316 --- [           main] o.hibernate.jpa.internal.util.LogHelper  : HHH000204: Processing PersistenceUnitInfo [name: default]
2023-11-23T19:31:05.141+01:00  INFO 22316 --- [           main] o.s.o.j.p.SpringPersistenceUnitInfo      : No LoadTimeWeaver setup: ignoring JPA class transformer
2023-11-23T19:31:05.141+01:00  INFO 22316 --- [           main] com.zaxxer.hikari.HikariDataSource       : HikariPool-6 - Starting...
2023-11-23T19:31:05.142+01:00  INFO 22316 --- [           main] com.zaxxer.hikari.pool.HikariPool        : HikariPool-6 - Added connection conn50: url=jdbc:h2:mem:db user=SA
2023-11-23T19:31:05.142+01:00  INFO 22316 --- [           main] com.zaxxer.hikari.HikariDataSource       : HikariPool-6 - Start completed.
2023-11-23T19:31:05.143+01:00  WARN 22316 --- [           main] org.hibernate.orm.deprecation            : HHH90000025: H2Dialect does not need to be specified explicitly using 'hibernate.dialect' (remove the property setting and it will be selected by default)
2023-11-23T19:31:05.154+01:00  WARN 22316 --- [           main] org.hibernate.mapping.RootClass          : HHH000038: Composite-id class does not override equals(): com.example.ProjectService.JoinTable.ProjectMembership
2023-11-23T19:31:05.154+01:00  WARN 22316 --- [           main] org.hibernate.mapping.RootClass          : HHH000039: Composite-id class does not override hashCode(): com.example.ProjectService.JoinTable.ProjectMembership
2023-11-23T19:31:05.185+01:00  INFO 22316 --- [           main] o.h.e.t.j.p.i.JtaPlatformInitiator       : HHH000489: No JTA platform available (set 'hibernate.transaction.jta.platform' to enable JTA platform integration)
2023-11-23T19:31:05.186+01:00 DEBUG 22316 --- [           main] org.hibernate.SQL                        : drop table if exists project cascade 
2023-11-23T19:31:05.186+01:00 DEBUG 22316 --- [           main] org.hibernate.SQL                        : drop table if exists projectmember cascade 
2023-11-23T19:31:05.186+01:00 DEBUG 22316 --- [           main] org.hibernate.SQL                        : drop table if exists projectmembership cascade 
2023-11-23T19:31:05.186+01:00 DEBUG 22316 --- [           main] org.hibernate.SQL                        : drop table if exists projectrole cascade 
2023-11-23T19:31:05.186+01:00 DEBUG 22316 --- [           main] org.hibernate.SQL                        : create table project (createdat timestamp(6), id bigint generated by default as identity, lastupdatedat timestamp(6), owner_id bigint, projectdescription varchar(255), projectname varchar(255), primary key (id))
2023-11-23T19:31:05.187+01:00 DEBUG 22316 --- [           main] org.hibernate.SQL                        : create table projectmember (id bigint not null, email varchar(255) unique, primary key (id))
2023-11-23T19:31:05.188+01:00 DEBUG 22316 --- [           main] org.hibernate.SQL                        : create table projectmembership (joinedproject_id bigint not null, member_id bigint not null, role_id bigint not null, primary key (joinedproject_id, member_id, role_id))
2023-11-23T19:31:05.189+01:00 DEBUG 22316 --- [           main] org.hibernate.SQL                        : create table projectrole (id bigint generated by default as identity, name varchar(255) unique, primary key (id))
2023-11-23T19:31:05.189+01:00 DEBUG 22316 --- [           main] org.hibernate.SQL                        : alter table if exists project add constraint FKgela6raf25bsa6thxog5x8lkv foreign key (owner_id) references projectmember
2023-11-23T19:31:05.190+01:00 DEBUG 22316 --- [           main] org.hibernate.SQL                        : alter table if exists projectmembership add constraint FKr5hoxnh9k5nutty4hon93c6fe foreign key (joinedproject_id) references project
2023-11-23T19:31:05.192+01:00 DEBUG 22316 --- [           main] org.hibernate.SQL                        : alter table if exists projectmembership add constraint FKt45jjcbtrrsgom05jwu0fje4b foreign key (member_id) references projectmember
2023-11-23T19:31:05.192+01:00 DEBUG 22316 --- [           main] org.hibernate.SQL                        : alter table if exists projectmembership add constraint FKfnovlarbluovef58uneoi1li1 foreign key (role_id) references projectrole
2023-11-23T19:31:05.194+01:00  INFO 22316 --- [           main] j.LocalContainerEntityManagerFactoryBean : Initialized JPA EntityManagerFactory for persistence unit 'default'
2023-11-23T19:31:05.237+01:00  WARN 22316 --- [           main] JpaBaseConfiguration$JpaWebConfiguration : spring.jpa.open-in-view is enabled by default. Therefore, database queries may be performed during view rendering. Explicitly configure spring.jpa.open-in-view to disable this warning
2023-11-23T19:31:05.323+01:00  INFO 22316 --- [           main] o.a.c.c.C.[Tomcat].[localhost].[/]       : Initializing Spring TestDispatcherServlet ''
2023-11-23T19:31:05.324+01:00  INFO 22316 --- [           main] o.s.t.web.servlet.TestDispatcherServlet  : Initializing Servlet ''
2023-11-23T19:31:05.324+01:00  INFO 22316 --- [           main] o.s.t.web.servlet.TestDispatcherServlet  : Completed initialization in 0 ms
2023-11-23T19:31:05.333+01:00  INFO 22316 --- [           main] o.s.b.w.embedded.tomcat.TomcatWebServer  : Tomcat started on port(s): 55481 (http) with context path ''
2023-11-23T19:31:05.336+01:00  INFO 22316 --- [           main] c.e.P.ProjectControllerTests             : Started ProjectControllerTests in 0.398 seconds (process running for 13.39)
2023-11-23T19:31:05.371+01:00 DEBUG 22316 --- [           main] org.hibernate.SQL                        : select p1_0.id,p1_0.email from projectmember p1_0 where p1_0.id=?
2023-11-23T19:31:05.374+01:00 DEBUG 22316 --- [           main] org.hibernate.SQL                        : SELECT * FROM project WHERE owner_id = ?
]]></system-out>
  </testcase>
  <testcase name="shouldCreateProjectScenario2" classname="com.example.ProjectService.ProjectControllerTests" time="0.552">
    <system-out><![CDATA[2023-11-23T19:31:05.400+01:00  INFO 22316 --- [           main] o.apache.catalina.core.StandardService   : Stopping service [Tomcat]
2023-11-23T19:31:05.515+01:00  INFO 22316 --- [           main] j.LocalContainerEntityManagerFactoryBean : Closing JPA EntityManagerFactory for persistence unit 'default'
2023-11-23T19:31:05.515+01:00 DEBUG 22316 --- [           main] org.hibernate.SQL                        : drop table if exists project cascade 
2023-11-23T19:31:05.516+01:00 DEBUG 22316 --- [           main] org.hibernate.SQL                        : drop table if exists projectmember cascade 
2023-11-23T19:31:05.516+01:00 DEBUG 22316 --- [           main] org.hibernate.SQL                        : drop table if exists projectmembership cascade 
2023-11-23T19:31:05.516+01:00 DEBUG 22316 --- [           main] org.hibernate.SQL                        : drop table if exists projectrole cascade 
2023-11-23T19:31:05.517+01:00  INFO 22316 --- [           main] com.zaxxer.hikari.HikariDataSource       : HikariPool-6 - Shutdown initiated...
2023-11-23T19:31:05.518+01:00  INFO 22316 --- [           main] com.zaxxer.hikari.HikariDataSource       : HikariPool-6 - Shutdown completed.

  .   ____          _            __ _ _
 /\\ / ___'_ __ _ _(_)_ __  __ _ \ \ \ \
( ( )\___ | '_ | '_| | '_ \/ _` | \ \ \ \
 \\/  ___)| |_)| | | | | || (_| |  ) ) ) )
  '  |____| .__|_| |_|_| |_\__, | / / / /
 =========|_|==============|___/=/_/_/_/
 :: Spring Boot ::                (v3.1.5)

2023-11-23T19:31:05.532+01:00  INFO 22316 --- [           main] c.e.P.ProjectControllerTests             : Starting ProjectControllerTests using Java 17.0.8.1 with PID 22316 (started by mitch in D:\projecten\semester6individueel\ProjectService)
2023-11-23T19:31:05.532+01:00  INFO 22316 --- [           main] c.e.P.ProjectControllerTests             : The following 1 profile is active: "test"
2023-11-23T19:31:05.611+01:00  INFO 22316 --- [           main] .s.d.r.c.RepositoryConfigurationDelegate : Multiple Spring Data modules found, entering strict repository configuration mode
2023-11-23T19:31:05.612+01:00  INFO 22316 --- [           main] .s.d.r.c.RepositoryConfigurationDelegate : Bootstrapping Spring Data JPA repositories in DEFAULT mode.
2023-11-23T19:31:05.620+01:00  INFO 22316 --- [           main] .s.d.r.c.RepositoryConfigurationDelegate : Finished Spring Data repository scanning in 8 ms. Found 2 JPA repository interfaces.
2023-11-23T19:31:05.622+01:00  INFO 22316 --- [           main] .s.d.r.c.RepositoryConfigurationDelegate : Multiple Spring Data modules found, entering strict repository configuration mode
2023-11-23T19:31:05.622+01:00  INFO 22316 --- [           main] .s.d.r.c.RepositoryConfigurationDelegate : Bootstrapping Spring Data Redis repositories in DEFAULT mode.
2023-11-23T19:31:05.625+01:00  INFO 22316 --- [           main] .RepositoryConfigurationExtensionSupport : Spring Data Redis - Could not safely identify store assignment for repository candidate interface com.example.ProjectService.repositories.IAccountRepository; If you want this repository to be a Redis repository, consider annotating your entities with one of these annotations: org.springframework.data.redis.core.RedisHash (preferred), or consider extending one of the following types with your repository: org.springframework.data.keyvalue.repository.KeyValueRepository
2023-11-23T19:31:05.626+01:00  INFO 22316 --- [           main] .RepositoryConfigurationExtensionSupport : Spring Data Redis - Could not safely identify store assignment for repository candidate interface com.example.ProjectService.repositories.IProjectRepository; If you want this repository to be a Redis repository, consider annotating your entities with one of these annotations: org.springframework.data.redis.core.RedisHash (preferred), or consider extending one of the following types with your repository: org.springframework.data.keyvalue.repository.KeyValueRepository
2023-11-23T19:31:05.626+01:00  INFO 22316 --- [           main] .s.d.r.c.RepositoryConfigurationDelegate : Finished Spring Data repository scanning in 3 ms. Found 0 Redis repository interfaces.
2023-11-23T19:31:05.671+01:00  INFO 22316 --- [           main] o.s.b.w.embedded.tomcat.TomcatWebServer  : Tomcat initialized with port(s): 0 (http)
2023-11-23T19:31:05.672+01:00  INFO 22316 --- [           main] o.apache.catalina.core.StandardService   : Starting service [Tomcat]
2023-11-23T19:31:05.672+01:00  INFO 22316 --- [           main] o.apache.catalina.core.StandardEngine    : Starting Servlet engine: [Apache Tomcat/10.1.15]
2023-11-23T19:31:05.703+01:00  INFO 22316 --- [           main] o.a.c.c.C.[Tomcat].[localhost].[/]       : Initializing Spring embedded WebApplicationContext
2023-11-23T19:31:05.703+01:00  INFO 22316 --- [           main] w.s.c.ServletWebServerApplicationContext : Root WebApplicationContext: initialization completed in 170 ms
2023-11-23T19:31:05.723+01:00  INFO 22316 --- [           main] o.hibernate.jpa.internal.util.LogHelper  : HHH000204: Processing PersistenceUnitInfo [name: default]
2023-11-23T19:31:05.728+01:00  INFO 22316 --- [           main] o.s.o.j.p.SpringPersistenceUnitInfo      : No LoadTimeWeaver setup: ignoring JPA class transformer
2023-11-23T19:31:05.729+01:00  INFO 22316 --- [           main] com.zaxxer.hikari.HikariDataSource       : HikariPool-7 - Starting...
2023-11-23T19:31:05.730+01:00  INFO 22316 --- [           main] com.zaxxer.hikari.pool.HikariPool        : HikariPool-7 - Added connection conn60: url=jdbc:h2:mem:db user=SA
2023-11-23T19:31:05.730+01:00  INFO 22316 --- [           main] com.zaxxer.hikari.HikariDataSource       : HikariPool-7 - Start completed.
2023-11-23T19:31:05.730+01:00  WARN 22316 --- [           main] org.hibernate.orm.deprecation            : HHH90000025: H2Dialect does not need to be specified explicitly using 'hibernate.dialect' (remove the property setting and it will be selected by default)
2023-11-23T19:31:05.740+01:00  WARN 22316 --- [           main] org.hibernate.mapping.RootClass          : HHH000038: Composite-id class does not override equals(): com.example.ProjectService.JoinTable.ProjectMembership
2023-11-23T19:31:05.740+01:00  WARN 22316 --- [           main] org.hibernate.mapping.RootClass          : HHH000039: Composite-id class does not override hashCode(): com.example.ProjectService.JoinTable.ProjectMembership
2023-11-23T19:31:05.771+01:00  INFO 22316 --- [           main] o.h.e.t.j.p.i.JtaPlatformInitiator       : HHH000489: No JTA platform available (set 'hibernate.transaction.jta.platform' to enable JTA platform integration)
2023-11-23T19:31:05.772+01:00 DEBUG 22316 --- [           main] org.hibernate.SQL                        : drop table if exists project cascade 
2023-11-23T19:31:05.772+01:00 DEBUG 22316 --- [           main] org.hibernate.SQL                        : drop table if exists projectmember cascade 
2023-11-23T19:31:05.772+01:00 DEBUG 22316 --- [           main] org.hibernate.SQL                        : drop table if exists projectmembership cascade 
2023-11-23T19:31:05.773+01:00 DEBUG 22316 --- [           main] org.hibernate.SQL                        : drop table if exists projectrole cascade 
2023-11-23T19:31:05.773+01:00 DEBUG 22316 --- [           main] org.hibernate.SQL                        : create table project (createdat timestamp(6), id bigint generated by default as identity, lastupdatedat timestamp(6), owner_id bigint, projectdescription varchar(255), projectname varchar(255), primary key (id))
2023-11-23T19:31:05.774+01:00 DEBUG 22316 --- [           main] org.hibernate.SQL                        : create table projectmember (id bigint not null, email varchar(255) unique, primary key (id))
2023-11-23T19:31:05.774+01:00 DEBUG 22316 --- [           main] org.hibernate.SQL                        : create table projectmembership (joinedproject_id bigint not null, member_id bigint not null, role_id bigint not null, primary key (joinedproject_id, member_id, role_id))
2023-11-23T19:31:05.775+01:00 DEBUG 22316 --- [           main] org.hibernate.SQL                        : create table projectrole (id bigint generated by default as identity, name varchar(255) unique, primary key (id))
2023-11-23T19:31:05.776+01:00 DEBUG 22316 --- [           main] org.hibernate.SQL                        : alter table if exists project add constraint FKgela6raf25bsa6thxog5x8lkv foreign key (owner_id) references projectmember
2023-11-23T19:31:05.777+01:00 DEBUG 22316 --- [           main] org.hibernate.SQL                        : alter table if exists projectmembership add constraint FKr5hoxnh9k5nutty4hon93c6fe foreign key (joinedproject_id) references project
2023-11-23T19:31:05.778+01:00 DEBUG 22316 --- [           main] org.hibernate.SQL                        : alter table if exists projectmembership add constraint FKt45jjcbtrrsgom05jwu0fje4b foreign key (member_id) references projectmember
2023-11-23T19:31:05.779+01:00 DEBUG 22316 --- [           main] org.hibernate.SQL                        : alter table if exists projectmembership add constraint FKfnovlarbluovef58uneoi1li1 foreign key (role_id) references projectrole
2023-11-23T19:31:05.781+01:00  INFO 22316 --- [           main] j.LocalContainerEntityManagerFactoryBean : Initialized JPA EntityManagerFactory for persistence unit 'default'
2023-11-23T19:31:05.824+01:00  WARN 22316 --- [           main] JpaBaseConfiguration$JpaWebConfiguration : spring.jpa.open-in-view is enabled by default. Therefore, database queries may be performed during view rendering. Explicitly configure spring.jpa.open-in-view to disable this warning
2023-11-23T19:31:05.903+01:00  INFO 22316 --- [           main] o.a.c.c.C.[Tomcat].[localhost].[/]       : Initializing Spring TestDispatcherServlet ''
2023-11-23T19:31:05.904+01:00  INFO 22316 --- [           main] o.s.t.web.servlet.TestDispatcherServlet  : Initializing Servlet ''
2023-11-23T19:31:05.904+01:00  INFO 22316 --- [           main] o.s.t.web.servlet.TestDispatcherServlet  : Completed initialization in 0 ms
2023-11-23T19:31:05.913+01:00  INFO 22316 --- [           main] o.s.b.w.embedded.tomcat.TomcatWebServer  : Tomcat started on port(s): 55485 (http) with context path ''
2023-11-23T19:31:05.916+01:00  INFO 22316 --- [           main] c.e.P.ProjectControllerTests             : Started ProjectControllerTests in 0.396 seconds (process running for 13.971)
2023-11-23T19:31:05.927+01:00 DEBUG 22316 --- [           main] org.hibernate.SQL                        : select p1_0.id,p1_0.email from projectmember p1_0 where p1_0.id=?
2023-11-23T19:31:05.932+01:00 DEBUG 22316 --- [           main] org.hibernate.SQL                        : select p1_0.id,p1_0.email from projectmember p1_0 where p1_0.id=?
2023-11-23T19:31:05.936+01:00 DEBUG 22316 --- [           main] org.hibernate.SQL                        : insert into projectmember (email,id) values (?,?)
2023-11-23T19:31:05.937+01:00  INFO 22316 --- [           main] c.e.P.Project.ProjectService             : new project dto => Project{Id=null, Projectname='project666666', Projectdescription='description16666', Createdat=Thu Nov 23 19:31:05 CET 2023, Lastupdatedat=Thu Nov 23 19:31:05 CET 2023, Owner=ProjectMember{Id=144, Email='testuser144@gmail.com'}, Memberships=[]}
2023-11-23T19:31:05.938+01:00 DEBUG 22316 --- [           main] org.hibernate.SQL                        : insert into project (createdat,lastupdatedat,owner_id,projectdescription,projectname,id) values (?,?,?,?,?,default)
2023-11-23T19:31:05.940+01:00 DEBUG 22316 --- [           main] org.hibernate.SQL                        : SELECT * FROM `project` ORDER BY `id` DESC LIMIT 1
]]></system-out>
  </testcase>
</testsuite>